*** Using Compiler 'V5.06 update 7 (build 960)', folder: 'D:\Program Files\MDK\Core\ARM\ARMCC\Bin'
Rebuild target 'ins_task'
assembling startup_stm32f407xx.s...
compiling protocol.c...
..\application\protocol.c(5): warning:  #1-D: last line of file ends without a newline
  hero_protocol_t hero_protocol = {0};
..\application\protocol.c: 1 warning, 0 errors
compiling bsp_crc.c...
compiling status.c...
compiling decoder.c...
compiling i2c.c...
compiling spi.c...
compiling crc.c...
compiling usb_device.c...
compiling tim.c...
compiling nlink_tofsense_frame0.c...
..\application\nlink_tofsense_frame0.h(47): warning:  #1295-D: Deprecated declaration Tof_Unpack_Data - give arg types
  void Tof_Unpack_Data();
..\application\nlink_tofsense_frame0.c(79): warning:  #1-D: last line of file ends without a newline
  }
..\application\nlink_tofsense_frame0.c: 2 warnings, 0 errors
compiling can.c...
compiling nlink_utils.c...
..\application\nlink_utils.c(34): warning:  #1293-D: assignment in condition
    while ((current = str[cnt]))
..\application\nlink_utils.c: 1 warning, 0 errors
compiling usart.c...
compiling dma.c...
compiling gpio.c...
compiling usbd_conf.c...
compiling main.c...
..\application\nlink_tofsense_frame0.h(47): warning:  #1295-D: Deprecated declaration Tof_Unpack_Data - give arg types
  void Tof_Unpack_Data();
../Src/main.c: 1 warning, 0 errors
compiling freertos.c...
compiling communicate_task.c...
..\application\nlink_tofsense_frame0.h(47): warning:  #1295-D: Deprecated declaration Tof_Unpack_Data - give arg types
  void Tof_Unpack_Data();
..\application\communicate_task.c(38): warning:  #1-D: last line of file ends without a newline
  }
..\application\communicate_task.c: 2 warnings, 0 errors
compiling stm32f4xx_hal_timebase_tim.c...
compiling stm32f4xx_hal_msp.c...
compiling bsp_led.c...
compiling bsp_imu_pwm.c...
compiling usbd_desc.c...
compiling usbd_cdc_if.c...
compiling bsp_delay.c...
compiling stm32f4xx_it.c...
..\application\nlink_tofsense_frame0.h(47): warning:  #1295-D: Deprecated declaration Tof_Unpack_Data - give arg types
  void Tof_Unpack_Data();
../Src/stm32f4xx_it.c: 1 warning, 0 errors
compiling bsp_can.c...
compiling system_stm32f4xx.c...
compiling bsp_usart.c...
compiling bsp_rc.c...
compiling bsp_i2c.c...
compiling kalman.c...
compiling bsp_spi.c...
compiling robomaster_vcan.c...
compiling usbd_core.c...
compiling led_flow_task.c...
compiling usbd_cdc.c...
compiling client_UI.c...
compiling data_queue.c...
compiling usbd_ctlreq.c...
compiling usbd_ioreq.c...
compiling remote_control.c...
compiling user_lib.c...
compiling bsp_usb.c...
compiling CAN_receive.c...
compiling gimbal_task.c...
..\application\gimbal_task.c(408): warning:  #188-D: enumerated type mixed with another type
  		 HAL_GPIO_WritePin(GPIOC,GPIO_PIN_8,SET);
..\application\gimbal_task.c(415): warning:  #188-D: enumerated type mixed with another type
  		 HAL_GPIO_WritePin(GPIOC,GPIO_PIN_8,SET);
..\application\gimbal_task.c(427): warning:  #188-D: enumerated type mixed with another type
  		 HAL_GPIO_WritePin(GPIOC,GPIO_PIN_8,RESET);
..\application\gimbal_task.c(426): warning:  #550-D: variable "yaw_channel"  was set but never used
     static int16_t yaw_channel = 0, pitch_channel = 0;	
..\application\gimbal_task.c(426): warning:  #550-D: variable "pitch_channel"  was set but never used
     static int16_t yaw_channel = 0, pitch_channel = 0;	
..\application\gimbal_task.c(125): warning:  #177-D: function "gimbal_PID_clear"  was declared but never referenced
  static void gimbal_PID_clear(gimbal_PID_t *gimbal_pid_clear)
..\application\gimbal_task.c(327): warning:  #177-D: function "gimbal_absolute_angle_limit"  was declared but never referenced
  static void gimbal_absolute_angle_limit(gimbal_motor_t *gimbal_motor, fp32 add)
..\application\gimbal_task.c(369): warning:  #550-D: variable "yaw_motor_visual_pixel"  was set but never used
  		static fp32 yaw_motor_visual_pixel = 0;
..\application\gimbal_task.c(370): warning:  #550-D: variable "pitch_motor_visual_pixel"  was set but never used
  		static fp32 pitch_motor_visual_pixel = 0;
..\application\gimbal_task.c(371): warning:  #177-D: variable "pitch_motor_visual_date"  was declared but never referenced
  		static fp32 pitch_motor_visual_date = 0;
..\application\gimbal_task.c(375): warning:  #177-D: variable "Visual_Ture_RInit_data_first"  was declared but never referenced
  static uint8_t Visual_Ture_RInit_data_first;
..\application\gimbal_task.c(376): warning:  #177-D: variable "Visual_Ture_RInit_data_end"  was declared but never referenced
  static uint8_t Visual_Ture_RInit_data_end;
..\application\gimbal_task.c: 12 warnings, 0 errors
compiling test_task.c...
compiling INS_task.c...
compiling chassic_task.c...
..\application\chassic_task.c(203): warning:  #111-D: statement is unreachable
  					break;				
..\application\chassic_task.c(209): warning:  #111-D: statement is unreachable
  					break;
..\application\chassic_task.c(217): warning:  #111-D: statement is unreachable
  					break;
..\application\chassic_task.c(225): warning:  #111-D: statement is unreachable
  					break;
..\application\chassic_task.c(232): warning:  #111-D: statement is unreachable
  					break;
..\application\chassic_task.c(239): warning:  #111-D: statement is unreachable
  					break;
..\application\chassic_task.c(246): warning:  #111-D: statement is unreachable
  					break;
..\application\chassic_task.c(253): warning:  #111-D: statement is unreachable
  				}break;
..\application\chassic_task.c(356): warning:  #1035-D: single-precision operand implicitly converted to double-precision
  						vx_set_channel = chassis_move_to_vector->vx_max_speed * 0.6;
..\application\chassic_task.c(361): warning:  #1035-D: single-precision operand implicitly converted to double-precision
  						vx_set_channel = chassis_move_to_vector->vx_min_speed * 0.6;
..\application\chassic_task.c(367): warning:  #1035-D: single-precision operand implicitly converted to double-precision
  						vy_set_channel = chassis_move_to_vector->vy_max_speed * 0.6;
..\application\chassic_task.c(372): warning:  #1035-D: single-precision operand implicitly converted to double-precision
  						vy_set_channel = chassis_move_to_vector->vy_min_speed * 0.6;
..\application\chassic_task.c(416): warning:  #1035-D: single-precision operand implicitly converted to double-precision
  	float aset = (set +3.14)/3.14*2 * 360;
..\application\chassic_task.c(417): warning:  #1035-D: single-precision operand implicitly converted to double-precision
  	float aget = (chassic_ctrl.chassis_yaw+3.14) / 3.14*2 * 360;
..\application\chassic_task.c(599): warning:  #177-D: variable "angle_detla"  was declared but never referenced
          static fp32 angle_detla = 0.0f;
..\application\chassic_task.c(600): warning:  #177-D: variable "absolute_wz"  was declared but never referenced
          static fp32 absolute_wz =0.0f;
..\application\chassic_task.c(601): warning:  #177-D: variable "wz"  was declared but never referenced
  				float vx,vy,wz;
..\application\chassic_task.c(662): warning:  #1035-D: single-precision operand implicitly converted to double-precision
      if(kjjahlgjhjlahg>0&&kjjahlgjhjlahg<=0.22)
..\application\chassic_task.c(664): warning:  #1035-D: single-precision operand implicitly converted to double-precision
  		else if(kjjahlgjhjlahg>0.22&&kjjahlgjhjlahg<=0.6)
..\application\chassic_task.c(664): warning:  #1035-D: single-precision operand implicitly converted to double-precision
  		else if(kjjahlgjhjlahg>0.22&&kjjahlgjhjlahg<=0.6)
..\application\chassic_task.c(666): warning:  #1035-D: single-precision operand implicitly converted to double-precision
      afa=-(2.0*(kjjahlgjhjlahg))*(2.0*(kjjahlgjhjlahg))+1.0;
..\application\chassic_task.c(666): warning:  #1035-D: single-precision operand implicitly converted to double-precision
      afa=-(2.0*(kjjahlgjhjlahg))*(2.0*(kjjahlgjhjlahg))+1.0;
..\application\chassic_task.c(656): warning:  #177-D: variable "Chassis_pidout_max"  was declared but never referenced
  fp32 Chassis_pidout_max=2.5;//32768Ł¬40Ł¬960
..\application\chassic_task.c(31): warning:  #177-D: function "chassis_ctrl_loop"  was declared but never referenced
  static void chassis_ctrl_loop(chassis *chassic_ctrl_loop);//µ×ĹĚµç»úĘäłöŃ­»·
..\application\chassic_task.c(74): warning:  #177-D: function "chassic_PID_init"  was declared but never referenced
  static void chassic_PID_init(chassic_PID_t *pid, fp32 maxout, fp32 max_iout, fp32 kp, fp32 ki, fp32 kd)
..\application\chassic_task.c(91): warning:  #177-D: function "chassic_PID_calc"  was declared but never referenced
  static fp32 chassic_PID_calc(chassic_PID_t *pid, fp32 get, fp32 set, fp32 error_delta)
..\application\chassic_task.c: 26 warnings, 0 errors
compiling ist8310driver.c...
compiling Motor_Angle_pid.c...
compiling shoot_task.c...
..\application\shoot_task.c(84): warning:  #177-D: variable "SHOOT2_filter"  was declared but never referenced
      const static fp32 SHOOT2_filter[1] = {0.0005};    //ËŮ¶ČÉčÖĂµÄŇ»˝×ÂË˛¨˛ÎĘý
..\application\shoot_task.c(85): warning:  #177-D: variable "SHOOT1_filter"  was declared but never referenced
      const static fp32 SHOOT1_filter[1] = {0.0005};  
..\application\shoot_task.c(203): warning:  #177-D: variable "PID_angle"  was declared but never referenced
  	  const fp32 PID_angle[3]={Trigger_angle_PID_P,Trigger_angle_PID_I,Trigger_angle_PID_D};	//P,I,D    ˝Ç¶Č»·
..\application\shoot_task.c(204): warning:  #177-D: variable "PID_speed"  was declared but never referenced
      const fp32 PID_speed[3]={Trigger_speed_PID_P,Trigger_speed_PID_I,Trigger_speed_PID_D};	//P,I,D    ËŮ¶Č»·
..\application\shoot_task.c: 4 warnings, 0 errors
compiling referee.c...
compiling pid.c...
compiling stm32_flash.c...
compiling AHRS_middleware.c...
compiling ui_task.c...
compiling malloc.c...
compiling usb_task.c...
..\application\usb_task.c(20): warning:  #177-D: variable "status"  was declared but never referenced
  static const char status[2][7] = {"OK", "ERROR!"};
..\application\usb_task.c: 1 warning, 0 errors
compiling cJSON.c...
compiling BMI088Middleware.c...
compiling cmd_ctr.c...
..\application\cmd_ctr.c(218): warning:  #177-D: variable "chassis_angle_pid"  was declared but never referenced
  	static char chassis_angle_pid[]="chassis_angle_pid1";	
..\application\cmd_ctr.c(219): warning:  #177-D: variable "chassis_speed_pid"  was declared but never referenced
  	static char chassis_speed_pid[]="chassis_angle_pid1";
..\application\cmd_ctr.c(221): warning:  #177-D: variable "pitch_angle_pid"  was declared but never referenced
  	static char pitch_angle_pid[]="pitch_angle_pid";	
..\application\cmd_ctr.c(222): warning:  #177-D: variable "Pitch_speed_pid"  was declared but never referenced
  	static char Pitch_speed_pid[]="chassis_angle_pid1";	
..\application\cmd_ctr.c(223): warning:  #177-D: variable "yaw_angle_pid"  was declared but never referenced
  	static char yaw_angle_pid[]="yaw_angle_pid";	
..\application\cmd_ctr.c(224): warning:  #177-D: variable "Yaw_speed_pid"  was declared but never referenced
  	static char Yaw_speed_pid[]="Yaw_speed_pid";	
..\application\cmd_ctr.c: 6 warnings, 0 errors
compiling stm32f4xx_hal_pcd_ex.c...
compiling BMI088driver.c...
compiling stm32f4xx_hal_pcd.c...
compiling ist8310driver_middleware.c...
compiling stm32f4xx_ll_usb.c...
compiling stm32f4xx_hal_flash_ramfunc.c...
compiling stm32f4xx_hal_flash_ex.c...
compiling stm32f4xx_hal_rcc.c...
compiling stm32f4xx_hal_flash.c...
compiling stm32f4xx_hal_rcc_ex.c...
compiling stm32f4xx_hal_gpio.c...
compiling stm32f4xx_hal_dma_ex.c...
compiling croutine.c...
compiling stm32f4xx_hal_pwr_ex.c...
compiling event_groups.c...
compiling list.c...
compiling queue.c...
compiling stream_buffer.c...
compiling stm32f4xx_hal_cortex.c...
compiling timers.c...
compiling tasks.c...
compiling cmsis_os.c...
compiling heap_4.c...
compiling port.c...
compiling stm32f4xx_hal_pwr.c...
compiling stm32f4xx_hal_dma.c...
compiling stm32f4xx_hal.c...
compiling stm32f4xx_hal_exti.c...
compiling stm32f4xx_hal_can.c...
compiling stm32f4xx_hal_crc.c...
compiling stm32f4xx_hal_tim_ex.c...
compiling stm32f4xx_hal_i2c_ex.c...
compiling stm32f4xx_hal_uart.c...
compiling stm32f4xx_hal_spi.c...
compiling stm32f4xx_hal_tim.c...
compiling stm32f4xx_hal_i2c.c...
linking...
Program Size: Code=101378 RO-data=4522 RW-data=2660 ZI-data=109980  
FromELF: creating hex file...
"ins_task\ins_task.axf" - 0 Error(s), 57 Warning(s).
Build Time Elapsed:  00:00:42
